2023-01-08 16:00:37
New connection from 127.0.0.1:56216 -- /home/fdse/luorong/llvm-pass-skeleton/input/WebServer/WebServer/Server.cpp:45
2023-01-08 16:00:37
Request:   -- /home/fdse/luorong/llvm-pass-skeleton/input/WebServer/WebServer/HttpData.cpp:160
2023-01-08 16:00:37
FD = 28, ****** -- /home/fdse/luorong/llvm-pass-skeleton/input/WebServer/WebServer/HttpData.cpp:196
2023-01-08 16:00:39
New connection from 127.0.0.1:56218 -- /home/fdse/luorong/llvm-pass-skeleton/input/WebServer/WebServer/Server.cpp:45
2023-01-08 16:00:39
Request: GET  HTTP/1.1 -- /home/fdse/luorong/llvm-pass-skeleton/input/WebServer/WebServer/HttpData.cpp:160
2023-01-08 16:00:39
FD = 28,GET  HTTP/1.1****** -- /home/fdse/luorong/llvm-pass-skeleton/input/WebServer/WebServer/HttpData.cpp:196
2023-01-08 16:00:41
New connection from 127.0.0.1:56226 -- /home/fdse/luorong/llvm-pass-skeleton/input/WebServer/WebServer/Server.cpp:45
2023-01-08 16:00:41
Request: GET / HTTP/1.1
Host: 192.168.52.135:8888
Content-Type: application/x-www-form-urlencoded
Connection: Keep-Alive

 -- /home/fdse/luorong/llvm-pass-skeleton/input/WebServer/WebServer/HttpData.cpp:160
2023-01-08 16:01:29
New connection from 127.0.0.1:45498 -- /home/fdse/luorong/llvm-pass-skeleton/input/WebServer/WebServer/Server.cpp:45
2023-01-08 16:01:29
Request: GET / HTTP/1.1
Host: 127.0.0.1:8882
User-Agent: curl/7.58.0
Accept: */*

 -- /home/fdse/luorong/llvm-pass-skeleton/input/WebServer/WebServer/HttpData.cpp:160
2023-01-08 16:04:43
New connection from 127.0.0.1:40944 -- /home/fdse/luorong/llvm-pass-skeleton/input/WebServer/WebServer/Server.cpp:45
2023-01-08 16:04:43
Request:   -- /home/fdse/luorong/llvm-pass-skeleton/input/WebServer/WebServer/HttpData.cpp:160
2023-01-08 16:04:43
FD = 28, ****** -- /home/fdse/luorong/llvm-pass-skeleton/input/WebServer/WebServer/HttpData.cpp:196
2023-01-08 16:04:45
New connection from 127.0.0.1:43042 -- /home/fdse/luorong/llvm-pass-skeleton/input/WebServer/WebServer/Server.cpp:45
2023-01-08 16:04:45
Request: GET  HTTP/1.1 -- /home/fdse/luorong/llvm-pass-skeleton/input/WebServer/WebServer/HttpData.cpp:160
2023-01-08 16:04:45
FD = 28,GET  HTTP/1.1****** -- /home/fdse/luorong/llvm-pass-skeleton/input/WebServer/WebServer/HttpData.cpp:196
2023-01-08 16:04:47
New connection from 127.0.0.1:43052 -- /home/fdse/luorong/llvm-pass-skeleton/input/WebServer/WebServer/Server.cpp:45
2023-01-08 16:04:47
Request: GET / HTTP/1.1
Host: 192.168.52.135:8888
Content-Type: application/x-www-form-urlencoded
Connection: Keep-Alive

 -- /home/fdse/luorong/llvm-pass-skeleton/input/WebServer/WebServer/HttpData.cpp:160
2023-01-08 16:05:13
New connection from 127.0.0.1:58474 -- /home/fdse/luorong/llvm-pass-skeleton/input/WebServer/WebServer/Server.cpp:45
2023-01-08 16:05:13
Request:   -- /home/fdse/luorong/llvm-pass-skeleton/input/WebServer/WebServer/HttpData.cpp:160
2023-01-08 16:05:13
FD = 28, ****** -- /home/fdse/luorong/llvm-pass-skeleton/input/WebServer/WebServer/HttpData.cpp:196
2023-01-08 16:05:15
New connection from 127.0.0.1:59242 -- /home/fdse/luorong/llvm-pass-skeleton/input/WebServer/WebServer/Server.cpp:45
2023-01-08 16:05:15
Request: GET  HTTP/1.1 -- /home/fdse/luorong/llvm-pass-skeleton/input/WebServer/WebServer/HttpData.cpp:160
2023-01-08 16:05:15
FD = 28,GET  HTTP/1.1****** -- /home/fdse/luorong/llvm-pass-skeleton/input/WebServer/WebServer/HttpData.cpp:196
2023-01-08 16:05:17
New connection from 127.0.0.1:59256 -- /home/fdse/luorong/llvm-pass-skeleton/input/WebServer/WebServer/Server.cpp:45
2023-01-08 16:05:17
Request: GET / HTTP/1.1
Host: 192.168.52.135:8888
Content-Type: application/x-www-form-urlencoded
Connection: Keep-Alive

 -- /home/fdse/luorong/llvm-pass-skeleton/input/WebServer/WebServer/HttpData.cpp:160
2023-01-08 16:05:57
New connection from 127.0.0.1:51206 -- /home/fdse/luorong/llvm-pass-skeleton/input/WebServer/WebServer/Server.cpp:45
2023-01-08 16:05:57
Request: GET / HTTP/1.1
Host: 127.0.0.1:8883
User-Agent: curl/7.58.0
Accept: */*

 -- /home/fdse/luorong/llvm-pass-skeleton/input/WebServer/WebServer/HttpData.cpp:160
2023-01-08 16:13:09
New connection from 127.0.0.1:49442 -- /home/fdse/luorong/llvm-pass-skeleton/input/WebServer/WebServer/Server.cpp:45
2023-01-08 16:13:09
Request:   -- /home/fdse/luorong/llvm-pass-skeleton/input/WebServer/WebServer/HttpData.cpp:160
2023-01-08 16:13:09
FD = 28, ****** -- /home/fdse/luorong/llvm-pass-skeleton/input/WebServer/WebServer/HttpData.cpp:196
2023-01-08 16:13:11
New connection from 127.0.0.1:49444 -- /home/fdse/luorong/llvm-pass-skeleton/input/WebServer/WebServer/Server.cpp:45
2023-01-08 16:13:11
Request: GET  HTTP/1.1 -- /home/fdse/luorong/llvm-pass-skeleton/input/WebServer/WebServer/HttpData.cpp:160
2023-01-08 16:13:11
FD = 28,GET  HTTP/1.1****** -- /home/fdse/luorong/llvm-pass-skeleton/input/WebServer/WebServer/HttpData.cpp:196
2023-01-08 16:13:13
New connection from 127.0.0.1:49454 -- /home/fdse/luorong/llvm-pass-skeleton/input/WebServer/WebServer/Server.cpp:45
2023-01-08 16:13:13
Request: GET / HTTP/1.1
Host: 192.168.52.135:8888
Content-Type: application/x-www-form-urlencoded
Connection: Keep-Alive

 -- /home/fdse/luorong/llvm-pass-skeleton/input/WebServer/WebServer/HttpData.cpp:160
2023-01-08 16:13:19
New connection from 127.0.0.1:36306 -- /home/fdse/luorong/llvm-pass-skeleton/input/WebServer/WebServer/Server.cpp:45
2023-01-08 16:13:19
Request: GET / HTTP/1.1
Host: 127.0.0.1:8882
User-Agent: curl/7.58.0
Accept: */*

 -- /home/fdse/luorong/llvm-pass-skeleton/input/WebServer/WebServer/HttpData.cpp:160
2023-01-08 16:14:02
New connection from 127.0.0.1:38898 -- /home/fdse/luorong/llvm-pass-skeleton/input/WebServer/WebServer/Server.cpp:45
2023-01-08 16:14:02
Request: GET / HTTP/1.1
Host: 127.0.0.1:8882
User-Agent: curl/7.58.0
Accept: */*

 -- /home/fdse/luorong/llvm-pass-skeleton/input/WebServer/WebServer/HttpData.cpp:160
2023-01-08 16:14:02
Request:  -- /home/fdse/luorong/llvm-pass-skeleton/input/WebServer/WebServer/HttpData.cpp:160
2023-01-08 16:14:07
New connection from 127.0.0.1:35878 -- /home/fdse/luorong/llvm-pass-skeleton/input/WebServer/WebServer/Server.cpp:45
2023-01-08 16:14:07
Request:   -- /home/fdse/luorong/llvm-pass-skeleton/input/WebServer/WebServer/HttpData.cpp:160
2023-01-08 16:14:07
FD = 28, ****** -- /home/fdse/luorong/llvm-pass-skeleton/input/WebServer/WebServer/HttpData.cpp:196
2023-01-08 16:14:09
New connection from 127.0.0.1:35888 -- /home/fdse/luorong/llvm-pass-skeleton/input/WebServer/WebServer/Server.cpp:45
2023-01-08 16:14:09
Request: GET  HTTP/1.1 -- /home/fdse/luorong/llvm-pass-skeleton/input/WebServer/WebServer/HttpData.cpp:160
2023-01-08 16:14:09
FD = 28,GET  HTTP/1.1****** -- /home/fdse/luorong/llvm-pass-skeleton/input/WebServer/WebServer/HttpData.cpp:196
2023-01-08 16:14:11
New connection from 127.0.0.1:35890 -- /home/fdse/luorong/llvm-pass-skeleton/input/WebServer/WebServer/Server.cpp:45
2023-01-08 16:14:11
Request: GET / HTTP/1.1
Host: 192.168.52.135:8888
Content-Type: application/x-www-form-urlencoded
Connection: Keep-Alive

 -- /home/fdse/luorong/llvm-pass-skeleton/input/WebServer/WebServer/HttpData.cpp:160
2023-01-08 16:14:12
Request:  -- /home/fdse/luorong/llvm-pass-skeleton/input/WebServer/WebServer/HttpData.cpp:160
2023-01-08 16:14:49
New connection from 127.0.0.1:53682 -- /home/fdse/luorong/llvm-pass-skeleton/input/WebServer/WebServer/Server.cpp:45
2023-01-08 16:14:49
Request: GET / HTTP/1.1
Host: 127.0.0.1:8882
User-Agent: curl/7.58.0
Accept: */*

 -- /home/fdse/luorong/llvm-pass-skeleton/input/WebServer/WebServer/HttpData.cpp:160
2023-01-08 16:14:49
Request:  -- /home/fdse/luorong/llvm-pass-skeleton/input/WebServer/WebServer/HttpData.cpp:160
2023-01-08 16:15:01
New connection from 127.0.0.1:54278 -- /home/fdse/luorong/llvm-pass-skeleton/input/WebServer/WebServer/Server.cpp:45
2023-01-08 16:15:01
Request:   -- /home/fdse/luorong/llvm-pass-skeleton/input/WebServer/WebServer/HttpData.cpp:160
2023-01-08 16:15:01
FD = 28, ****** -- /home/fdse/luorong/llvm-pass-skeleton/input/WebServer/WebServer/HttpData.cpp:196
2023-01-08 16:15:03
New connection from 127.0.0.1:54286 -- /home/fdse/luorong/llvm-pass-skeleton/input/WebServer/WebServer/Server.cpp:45
2023-01-08 16:15:03
Request: GET  HTTP/1.1 -- /home/fdse/luorong/llvm-pass-skeleton/input/WebServer/WebServer/HttpData.cpp:160
2023-01-08 16:15:03
FD = 28,GET  HTTP/1.1****** -- /home/fdse/luorong/llvm-pass-skeleton/input/WebServer/WebServer/HttpData.cpp:196
2023-01-08 16:15:05
New connection from 127.0.0.1:40862 -- /home/fdse/luorong/llvm-pass-skeleton/input/WebServer/WebServer/Server.cpp:45
2023-01-08 16:15:05
Request: GET / HTTP/1.1
Host: 192.168.52.135:8888
Content-Type: application/x-www-form-urlencoded
Connection: Keep-Alive

 -- /home/fdse/luorong/llvm-pass-skeleton/input/WebServer/WebServer/HttpData.cpp:160
2023-01-08 16:15:06
Request:  -- /home/fdse/luorong/llvm-pass-skeleton/input/WebServer/WebServer/HttpData.cpp:160
2023-01-08 16:16:32
New connection from 127.0.0.1:60250 -- /home/fdse/luorong/llvm-pass-skeleton/input/WebServer/WebServer/Server.cpp:45
2023-01-08 16:16:32
Request: GET / HTTP/1.1
Host: 127.0.0.1:8882
User-Agent: curl/7.58.0
Accept: */*

 -- /home/fdse/luorong/llvm-pass-skeleton/input/WebServer/WebServer/HttpData.cpp:160
2023-01-08 16:16:32
Request:  -- /home/fdse/luorong/llvm-pass-skeleton/input/WebServer/WebServer/HttpData.cpp:160
2023-01-08 16:16:45
New connection from 127.0.0.1:41524 -- /home/fdse/luorong/llvm-pass-skeleton/input/WebServer/WebServer/Server.cpp:45
2023-01-08 16:16:45
Request:   -- /home/fdse/luorong/llvm-pass-skeleton/input/WebServer/WebServer/HttpData.cpp:160
2023-01-08 16:16:45
FD = 28, ****** -- /home/fdse/luorong/llvm-pass-skeleton/input/WebServer/WebServer/HttpData.cpp:196
2023-01-08 16:16:47
New connection from 127.0.0.1:41540 -- /home/fdse/luorong/llvm-pass-skeleton/input/WebServer/WebServer/Server.cpp:45
2023-01-08 16:16:47
Request: GET  HTTP/1.1 -- /home/fdse/luorong/llvm-pass-skeleton/input/WebServer/WebServer/HttpData.cpp:160
2023-01-08 16:16:47
FD = 28,GET  HTTP/1.1****** -- /home/fdse/luorong/llvm-pass-skeleton/input/WebServer/WebServer/HttpData.cpp:196
2023-01-08 16:16:49
New connection from 127.0.0.1:41544 -- /home/fdse/luorong/llvm-pass-skeleton/input/WebServer/WebServer/Server.cpp:45
2023-01-08 16:16:49
Request: GET / HTTP/1.1
Host: 192.168.52.135:8888
Content-Type: application/x-www-form-urlencoded
Connection: Keep-Alive

 -- /home/fdse/luorong/llvm-pass-skeleton/input/WebServer/WebServer/HttpData.cpp:160
2023-01-08 16:16:50
Request:  -- /home/fdse/luorong/llvm-pass-skeleton/input/WebServer/WebServer/HttpData.cpp:160
